{
  "stats": {
    "suites": 1,
    "tests": 1,
    "passes": 1,
    "pending": 0,
    "failures": 0,
    "start": "2024-11-14T09:39:23.853Z",
    "end": "2024-11-14T09:39:24.453Z",
    "duration": 600,
    "testsRegistered": 1,
    "passPercent": 100,
    "pendingPercent": 0,
    "other": 0,
    "hasOther": false,
    "skipped": 0,
    "hasSkipped": false
  },
  "results": [
    {
      "uuid": "739f09fe-000d-4004-9cc0-45e9cc817677",
      "title": "",
      "fullFile": "cypress\\e2e\\apitesting\\put.cy.js",
      "file": "cypress\\e2e\\apitesting\\put.cy.js",
      "beforeHooks": [],
      "afterHooks": [],
      "tests": [],
      "suites": [
        {
          "uuid": "bd056f78-b03e-4cb8-aa91-fc653eb15150",
          "title": "HTTP Request",
          "fullFile": "",
          "file": "",
          "beforeHooks": [],
          "afterHooks": [],
          "tests": [
            {
              "title": "PUT Call",
              "fullTitle": "HTTP Request PUT Call",
              "timedOut": null,
              "duration": 453,
              "state": "passed",
              "speed": "fast",
              "pass": true,
              "fail": false,
              "pending": false,
              "context": null,
              "code": "// Generate random text for the email\nconst pattern = \"ABCDEFGHIJKLMNOPQRSTUVXYZabcdefghijklmnopqrstuvxyz\";\nfor (let i = 0; i < 10; i++) {\n  randomText += pattern.charAt(Math.floor(Math.random() * pattern.length));\n}\ntestEmail = randomText + '@gmail.com';\n// Make the PUT request\ncy.request({\n  method: 'PUT',\n  url: 'https://gorest.co.in/public/v2/users/7522238',\n  headers: {\n    'Authorization': \"Bearer a632dce633ea6929448d47c090c8c653c1068af5875821f19227452258661874\"\n  },\n  body: {\n    \"name\": datajson.name,\n    \"email\": testEmail,\n    \"gender\": datajson.gender,\n    \"status\": datajson.status\n  }\n}).then(res => {\n  // Log the response and add assertions\n  cy.log(JSON.stringify(res));\n  expect(res.status).to.eq(200);\n  expect(res.body).to.have.property('email', testEmail);\n  expect(res.body).to.have.property('status', datajson.status);\n});",
              "err": {},
              "uuid": "23aa98ad-5000-4f0d-86df-d768fd9e2237",
              "parentUUID": "bd056f78-b03e-4cb8-aa91-fc653eb15150",
              "isHook": false,
              "skipped": false
            }
          ],
          "suites": [],
          "passes": [
            "23aa98ad-5000-4f0d-86df-d768fd9e2237"
          ],
          "failures": [],
          "pending": [],
          "skipped": [],
          "duration": 453,
          "root": false,
          "rootEmpty": false,
          "_timeout": 2000
        }
      ],
      "passes": [],
      "failures": [],
      "pending": [],
      "skipped": [],
      "duration": 0,
      "root": true,
      "rootEmpty": true,
      "_timeout": 2000
    }
  ],
  "meta": {
    "mocha": {
      "version": "7.0.1"
    },
    "mochawesome": {
      "options": {
        "quiet": false,
        "reportFilename": "mochawesome",
        "saveHtml": false,
        "saveJson": true,
        "consoleReporter": "spec",
        "useInlineDiffs": false,
        "code": true
      },
      "version": "7.1.3"
    },
    "marge": {
      "options": {
        "overwrite": false,
        "html": false,
        "json": true,
        "reportDir": "cypress\\reports\\html\\.jsons"
      },
      "version": "6.2.0"
    }
  }
}