{
  "stats": {
    "suites": 1,
    "tests": 1,
    "passes": 0,
    "pending": 0,
    "failures": 1,
    "start": "2024-11-14T09:34:31.041Z",
    "end": "2024-11-14T09:34:56.887Z",
    "duration": 25846,
    "testsRegistered": 1,
    "passPercent": 0,
    "pendingPercent": 0,
    "other": 0,
    "hasOther": false,
    "skipped": 0,
    "hasSkipped": false
  },
  "results": [
    {
      "uuid": "8bf44bdc-0bf2-40b6-9163-b063969ea0fa",
      "title": "",
      "fullFile": "cypress\\e2e\\hover.cy.js",
      "file": "cypress\\e2e\\hover.cy.js",
      "beforeHooks": [],
      "afterHooks": [],
      "tests": [],
      "suites": [
        {
          "uuid": "7614d27f-6fde-4444-83f1-9fd2f98a2f83",
          "title": "opencart",
          "fullFile": "",
          "file": "",
          "beforeHooks": [],
          "afterHooks": [],
          "tests": [
            {
              "title": "cart",
              "fullTitle": "opencart cart",
              "timedOut": null,
              "duration": 15323,
              "state": "failed",
              "speed": null,
              "pass": false,
              "fail": true,
              "pending": false,
              "context": null,
              "code": "cy.visit(\"https://demo.opencart.com/\");\ncy.get('body > main:nth-child(4) > div:nth-child(1) > nav:nth-child(1) > div:nth-child(3) > ul:nth-child(1) > li:nth-child(1) > div:nth-child(2) > div:nth-child(1) > ul:nth-child(1) > li:nth-child(2) > a:nth-child(1)').should(\"not.be.visible\");\ncy.get('.nav > :nth-child(1) > .dropdown-toggle').trigger('mouseover').click();\ncy.get('body > main:nth-child(4) > div:nth-child(1) > nav:nth-child(1) > div:nth-child(3) > ul:nth-child(1) > li:nth-child(1) > div:nth-child(2) > div:nth-child(1) > ul:nth-child(1) > li:nth-child(2) > a:nth-child(1)').should(\"be.visible\");",
              "err": {
                "message": "AssertionError: Timed out retrying after 4000ms: Expected to find element: `body > main:nth-child(4) > div:nth-child(1) > nav:nth-child(1) > div:nth-child(3) > ul:nth-child(1) > li:nth-child(1) > div:nth-child(2) > div:nth-child(1) > ul:nth-child(1) > li:nth-child(2) > a:nth-child(1)`, but never found it.",
                "estack": "AssertionError: Timed out retrying after 4000ms: Expected to find element: `body > main:nth-child(4) > div:nth-child(1) > nav:nth-child(1) > div:nth-child(3) > ul:nth-child(1) > li:nth-child(1) > div:nth-child(2) > div:nth-child(1) > ul:nth-child(1) > li:nth-child(2) > a:nth-child(1)`, but never found it.\n    at Context.eval (webpack://new-cypress/./cypress/e2e/hover.cy.js:11:227)",
                "diff": null
              },
              "uuid": "3a5e1bdf-8f5f-4a0e-937a-c5f1d79bc009",
              "parentUUID": "7614d27f-6fde-4444-83f1-9fd2f98a2f83",
              "isHook": false,
              "skipped": false
            }
          ],
          "suites": [],
          "passes": [],
          "failures": [
            "3a5e1bdf-8f5f-4a0e-937a-c5f1d79bc009"
          ],
          "pending": [],
          "skipped": [],
          "duration": 15323,
          "root": false,
          "rootEmpty": false,
          "_timeout": 2000
        }
      ],
      "passes": [],
      "failures": [],
      "pending": [],
      "skipped": [],
      "duration": 0,
      "root": true,
      "rootEmpty": true,
      "_timeout": 2000
    }
  ],
  "meta": {
    "mocha": {
      "version": "7.0.1"
    },
    "mochawesome": {
      "options": {
        "quiet": false,
        "reportFilename": "mochawesome",
        "saveHtml": false,
        "saveJson": true,
        "consoleReporter": "spec",
        "useInlineDiffs": false,
        "code": true
      },
      "version": "7.1.3"
    },
    "marge": {
      "options": {
        "overwrite": false,
        "html": false,
        "json": true,
        "reportDir": "cypress\\reports\\html\\.jsons"
      },
      "version": "6.2.0"
    }
  }
}