{
  "stats": {
    "suites": 1,
    "tests": 1,
    "passes": 1,
    "pending": 0,
    "failures": 0,
    "start": "2024-11-14T09:31:42.898Z",
    "end": "2024-11-14T09:31:46.642Z",
    "duration": 3744,
    "testsRegistered": 1,
    "passPercent": 100,
    "pendingPercent": 0,
    "other": 0,
    "hasOther": false,
    "skipped": 0,
    "hasSkipped": false
  },
  "results": [
    {
      "uuid": "b1626e48-f71b-429d-b10f-ec10e6062c94",
      "title": "",
      "fullFile": "cypress\\e2e\\apiget.cy.js",
      "file": "cypress\\e2e\\apiget.cy.js",
      "beforeHooks": [],
      "afterHooks": [],
      "tests": [],
      "suites": [
        {
          "uuid": "af049d9f-8b0d-4034-9216-4bb273af42d0",
          "title": "http",
          "fullFile": "",
          "file": "",
          "beforeHooks": [],
          "afterHooks": [],
          "tests": [
            {
              "title": "get",
              "fullTitle": "http get",
              "timedOut": null,
              "duration": 3554,
              "state": "passed",
              "speed": "fast",
              "pass": true,
              "fail": false,
              "pending": false,
              "context": null,
              "code": "cy.request(\"GET\", \"https://jsonplaceholder.typicode.com/posts/1\").its(\"status\").should(\"equal\", 200);",
              "err": {},
              "uuid": "f3a7199f-1ed6-4fdc-9080-f9184b37f6cb",
              "parentUUID": "af049d9f-8b0d-4034-9216-4bb273af42d0",
              "isHook": false,
              "skipped": false
            }
          ],
          "suites": [],
          "passes": [
            "f3a7199f-1ed6-4fdc-9080-f9184b37f6cb"
          ],
          "failures": [],
          "pending": [],
          "skipped": [],
          "duration": 3554,
          "root": false,
          "rootEmpty": false,
          "_timeout": 2000
        }
      ],
      "passes": [],
      "failures": [],
      "pending": [],
      "skipped": [],
      "duration": 0,
      "root": true,
      "rootEmpty": true,
      "_timeout": 2000
    }
  ],
  "meta": {
    "mocha": {
      "version": "7.0.1"
    },
    "mochawesome": {
      "options": {
        "quiet": false,
        "reportFilename": "mochawesome",
        "saveHtml": false,
        "saveJson": true,
        "consoleReporter": "spec",
        "useInlineDiffs": false,
        "code": true
      },
      "version": "7.1.3"
    },
    "marge": {
      "options": {
        "overwrite": false,
        "html": false,
        "json": true,
        "reportDir": "cypress\\reports\\html\\.jsons"
      },
      "version": "6.2.0"
    }
  }
}