{
  "stats": {
    "suites": 1,
    "tests": 1,
    "passes": 1,
    "pending": 0,
    "failures": 0,
    "start": "2024-11-14T09:38:19.245Z",
    "end": "2024-11-14T09:38:34.213Z",
    "duration": 14968,
    "testsRegistered": 1,
    "passPercent": 100,
    "pendingPercent": 0,
    "other": 0,
    "hasOther": false,
    "skipped": 0,
    "hasSkipped": false
  },
  "results": [
    {
      "uuid": "4a1754fc-475e-4f7e-aa86-bc93ae56124d",
      "title": "",
      "fullFile": "cypress\\e2e\\viewport.cy.js",
      "file": "cypress\\e2e\\viewport.cy.js",
      "beforeHooks": [],
      "afterHooks": [],
      "tests": [],
      "suites": [
        {
          "uuid": "4cbee005-c00a-4c1f-8d2e-adaf13a0645c",
          "title": "clear",
          "fullFile": "",
          "file": "",
          "beforeHooks": [],
          "afterHooks": [],
          "tests": [
            {
              "title": "action",
              "fullTitle": "clear action",
              "timedOut": null,
              "duration": 7917,
              "state": "passed",
              "speed": "medium",
              "pass": true,
              "fail": false,
              "pending": false,
              "context": null,
              "code": "cy.visit(\"https://opensource-demo.orangehrmlive.com/web/index.php/auth/login\");\ncy.viewport('macbook-15');\ncy.viewport('iphone-6+');",
              "err": {},
              "uuid": "7e19ef46-69ca-4f5e-a633-34550de82ff6",
              "parentUUID": "4cbee005-c00a-4c1f-8d2e-adaf13a0645c",
              "isHook": false,
              "skipped": false
            }
          ],
          "suites": [],
          "passes": [
            "7e19ef46-69ca-4f5e-a633-34550de82ff6"
          ],
          "failures": [],
          "pending": [],
          "skipped": [],
          "duration": 7917,
          "root": false,
          "rootEmpty": false,
          "_timeout": 2000
        }
      ],
      "passes": [],
      "failures": [],
      "pending": [],
      "skipped": [],
      "duration": 0,
      "root": true,
      "rootEmpty": true,
      "_timeout": 2000
    }
  ],
  "meta": {
    "mocha": {
      "version": "7.0.1"
    },
    "mochawesome": {
      "options": {
        "quiet": false,
        "reportFilename": "mochawesome",
        "saveHtml": false,
        "saveJson": true,
        "consoleReporter": "spec",
        "useInlineDiffs": false,
        "code": true
      },
      "version": "7.1.3"
    },
    "marge": {
      "options": {
        "overwrite": false,
        "html": false,
        "json": true,
        "reportDir": "cypress\\reports\\html\\.jsons"
      },
      "version": "6.2.0"
    }
  }
}