{
  "stats": {
    "suites": 1,
    "tests": 1,
    "passes": 1,
    "pending": 0,
    "failures": 0,
    "start": "2024-11-14T09:34:09.648Z",
    "end": "2024-11-14T09:34:25.084Z",
    "duration": 15436,
    "testsRegistered": 1,
    "passPercent": 100,
    "pendingPercent": 0,
    "other": 0,
    "hasOther": false,
    "skipped": 0,
    "hasSkipped": false
  },
  "results": [
    {
      "uuid": "dd63b82b-3579-4a22-8e91-cd4402597790",
      "title": "",
      "fullFile": "cypress\\e2e\\fileupload.cy.js",
      "file": "cypress\\e2e\\fileupload.cy.js",
      "beforeHooks": [],
      "afterHooks": [],
      "tests": [],
      "suites": [
        {
          "uuid": "f27b7118-c6a2-4458-b140-0f79e52eaa65",
          "title": "example",
          "fullFile": "",
          "file": "",
          "beforeHooks": [],
          "afterHooks": [],
          "tests": [
            {
              "title": "file",
              "fullTitle": "example file",
              "timedOut": null,
              "duration": 5857,
              "state": "passed",
              "speed": "medium",
              "pass": true,
              "fail": false,
              "pending": false,
              "context": null,
              "code": "cy.xpath(\"//input[@id='file-upload']\").attachFile(\"1.png\");\ncy.xpath(\"//input[@id='file-submit']\").click();\ncy.xpath(\"//div[@id='uploaded-files']\").contains(\"1.png\");",
              "err": {},
              "uuid": "b78ed682-0fb2-4771-9b13-71a0be08893a",
              "parentUUID": "f27b7118-c6a2-4458-b140-0f79e52eaa65",
              "isHook": false,
              "skipped": false
            }
          ],
          "suites": [],
          "passes": [
            "b78ed682-0fb2-4771-9b13-71a0be08893a"
          ],
          "failures": [],
          "pending": [],
          "skipped": [],
          "duration": 5857,
          "root": false,
          "rootEmpty": false,
          "_timeout": 2000
        }
      ],
      "passes": [],
      "failures": [],
      "pending": [],
      "skipped": [],
      "duration": 0,
      "root": true,
      "rootEmpty": true,
      "_timeout": 2000
    }
  ],
  "meta": {
    "mocha": {
      "version": "7.0.1"
    },
    "mochawesome": {
      "options": {
        "quiet": false,
        "reportFilename": "mochawesome",
        "saveHtml": false,
        "saveJson": true,
        "consoleReporter": "spec",
        "useInlineDiffs": false,
        "code": true
      },
      "version": "7.1.3"
    },
    "marge": {
      "options": {
        "overwrite": false,
        "html": false,
        "json": true,
        "reportDir": "cypress\\reports\\html\\.jsons"
      },
      "version": "6.2.0"
    }
  }
}