{
  "stats": {
    "suites": 1,
    "tests": 3,
    "passes": 1,
    "pending": 0,
    "failures": 2,
    "start": "2024-11-14T09:35:52.398Z",
    "end": "2024-11-14T09:36:24.604Z",
    "duration": 32206,
    "testsRegistered": 3,
    "passPercent": 33.33333333333333,
    "pendingPercent": 0,
    "other": 0,
    "hasOther": false,
    "skipped": 0,
    "hasSkipped": false
  },
  "results": [
    {
      "uuid": "4f6e15ec-6250-43b2-a467-c71bf60b92e4",
      "title": "",
      "fullFile": "cypress\\e2e\\link.cy.js",
      "file": "cypress\\e2e\\link.cy.js",
      "beforeHooks": [],
      "afterHooks": [],
      "tests": [],
      "suites": [
        {
          "uuid": "cb9d78bc-5f83-4943-ba3b-376452df27fd",
          "title": "template",
          "fullFile": "",
          "file": "",
          "beforeHooks": [],
          "afterHooks": [],
          "tests": [
            {
              "title": "link to blog",
              "fullTitle": "template link to blog",
              "timedOut": null,
              "duration": 11036,
              "state": "failed",
              "speed": null,
              "pass": false,
              "fail": true,
              "pending": false,
              "context": null,
              "code": "cy.visit(\"https://filiphric.com/testing-links-with-cypress\");\ncy.contains(\"blog\").click();\ncy.url().should('eq', 'https://filiphric.com/blog');\ncy.go(\"back\");",
              "err": {
                "message": "AssertionError: Timed out retrying after 4000ms: expected 'https://filiphric.com/testing-links-with-cypress' to equal 'https://filiphric.com/blog'",
                "estack": "AssertionError: Timed out retrying after 4000ms: expected 'https://filiphric.com/testing-links-with-cypress' to equal 'https://filiphric.com/blog'\n    at Context.eval (webpack://new-cypress/./cypress/e2e/link.cy.js:7:17)",
                "diff": "- 'https://filiphric.com/testing-links-with-cypress'\n+ 'https://filiphric.com/blog'\n"
              },
              "uuid": "35acff0e-ead4-4944-8e33-c0cd13df0b0a",
              "parentUUID": "cb9d78bc-5f83-4943-ba3b-376452df27fd",
              "isHook": false,
              "skipped": false
            },
            {
              "title": "link to workshop",
              "fullTitle": "template link to workshop",
              "timedOut": null,
              "duration": 7345,
              "state": "failed",
              "speed": null,
              "pass": false,
              "fail": true,
              "pending": false,
              "context": null,
              "code": "cy.visit(\"https://filiphric.com/testing-links-with-cypress\");\ncy.contains(\"workshop\").click();\ncy.url().should('eq', 'https://filiphric.com/testing-links-with-cypress');\ncy.go(\"back\");",
              "err": {
                "message": "AssertionError: Timed out retrying after 4000ms: expected 'https://filiphric.com/private-workshops' to equal 'https://filiphric.com/testing-links-with-cypress'",
                "estack": "AssertionError: Timed out retrying after 4000ms: expected 'https://filiphric.com/private-workshops' to equal 'https://filiphric.com/testing-links-with-cypress'\n    at Context.eval (webpack://new-cypress/./cypress/e2e/link.cy.js:14:17)",
                "diff": "- 'https://filiphric.com/private-workshops'\n+ 'https://filiphric.com/testing-links-with-cypress'\n"
              },
              "uuid": "07180842-a9c8-4435-a2be-01a19eb8d03f",
              "parentUUID": "cb9d78bc-5f83-4943-ba3b-376452df27fd",
              "isHook": false,
              "skipped": false
            },
            {
              "title": "link to course",
              "fullTitle": "template link to course",
              "timedOut": null,
              "duration": 2878,
              "state": "passed",
              "speed": "fast",
              "pass": true,
              "fail": false,
              "pending": false,
              "context": null,
              "code": "cy.visit(\"https://filiphric.com/testing-links-with-cypress\");\ncy.contains(\"course\").click();\ncy.url().should('eq', 'https://filiphric.com/testing-links-with-cypress');\ncy.go(\"back\");",
              "err": {},
              "uuid": "63e7adb3-bc69-4f60-95d4-635858711e0d",
              "parentUUID": "cb9d78bc-5f83-4943-ba3b-376452df27fd",
              "isHook": false,
              "skipped": false
            }
          ],
          "suites": [],
          "passes": [
            "63e7adb3-bc69-4f60-95d4-635858711e0d"
          ],
          "failures": [
            "35acff0e-ead4-4944-8e33-c0cd13df0b0a",
            "07180842-a9c8-4435-a2be-01a19eb8d03f"
          ],
          "pending": [],
          "skipped": [],
          "duration": 21259,
          "root": false,
          "rootEmpty": false,
          "_timeout": 2000
        }
      ],
      "passes": [],
      "failures": [],
      "pending": [],
      "skipped": [],
      "duration": 0,
      "root": true,
      "rootEmpty": true,
      "_timeout": 2000
    }
  ],
  "meta": {
    "mocha": {
      "version": "7.0.1"
    },
    "mochawesome": {
      "options": {
        "quiet": false,
        "reportFilename": "mochawesome",
        "saveHtml": false,
        "saveJson": true,
        "consoleReporter": "spec",
        "useInlineDiffs": false,
        "code": true
      },
      "version": "7.1.3"
    },
    "marge": {
      "options": {
        "overwrite": false,
        "html": false,
        "json": true,
        "reportDir": "cypress\\reports\\html\\.jsons"
      },
      "version": "6.2.0"
    }
  }
}