{
  "stats": {
    "suites": 1,
    "tests": 1,
    "passes": 0,
    "pending": 0,
    "failures": 1,
    "start": "2024-11-14T09:32:33.532Z",
    "end": "2024-11-14T09:32:49.937Z",
    "duration": 16405,
    "testsRegistered": 1,
    "passPercent": 0,
    "pendingPercent": 0,
    "other": 0,
    "hasOther": false,
    "skipped": 0,
    "hasSkipped": false
  },
  "results": [
    {
      "uuid": "fff73dd7-7a77-4fc2-aed5-1373fa1fe75c",
      "title": "",
      "fullFile": "cypress\\e2e\\checkattri.cy.js",
      "file": "cypress\\e2e\\checkattri.cy.js",
      "beforeHooks": [],
      "afterHooks": [],
      "tests": [],
      "suites": [
        {
          "uuid": "4e864317-73e3-4fe6-8c48-5fe9cfe0805f",
          "title": "check",
          "fullFile": "",
          "file": "",
          "beforeHooks": [],
          "afterHooks": [],
          "tests": [
            {
              "title": "command",
              "fullTitle": "check command",
              "timedOut": null,
              "duration": 10569,
              "state": "failed",
              "speed": null,
              "pass": false,
              "fail": true,
              "pending": false,
              "context": null,
              "code": "cy.visit(\"https://opensource-demo.orangehrmlive.com/web/index.php/auth/login\");\ncy.get(\".orangehrm-login-form\").within(() => {\n  cy.get(\"input[placeholder='Username']\").should(\"have.attr\", \"placeholder\", \"Username\");\n  cy.get(\"input[placeholder='Password']\").should(\"have.attr\", \"placeholder\", \"Password\");\n});",
              "err": {
                "message": "AssertionError: Timed out retrying after 4000ms: Expected to find element: `input[placeholder='Username']`, but never found it.",
                "estack": "AssertionError: Timed out retrying after 4000ms: Expected to find element: `input[placeholder='Username']`, but never found it.\n    at Context.eval (webpack://new-cypress/./cypress/e2e/checkattri.cy.js:5:52)",
                "diff": null
              },
              "uuid": "e32a68f8-b603-4660-b249-c21a6c5845cb",
              "parentUUID": "4e864317-73e3-4fe6-8c48-5fe9cfe0805f",
              "isHook": false,
              "skipped": false
            }
          ],
          "suites": [],
          "passes": [],
          "failures": [
            "e32a68f8-b603-4660-b249-c21a6c5845cb"
          ],
          "pending": [],
          "skipped": [],
          "duration": 10569,
          "root": false,
          "rootEmpty": false,
          "_timeout": 2000
        }
      ],
      "passes": [],
      "failures": [],
      "pending": [],
      "skipped": [],
      "duration": 0,
      "root": true,
      "rootEmpty": true,
      "_timeout": 2000
    }
  ],
  "meta": {
    "mocha": {
      "version": "7.0.1"
    },
    "mochawesome": {
      "options": {
        "quiet": false,
        "reportFilename": "mochawesome",
        "saveHtml": false,
        "saveJson": true,
        "consoleReporter": "spec",
        "useInlineDiffs": false,
        "code": true
      },
      "version": "7.1.3"
    },
    "marge": {
      "options": {
        "overwrite": false,
        "html": false,
        "json": true,
        "reportDir": "cypress\\reports\\html\\.jsons"
      },
      "version": "6.2.0"
    }
  }
}