{
  "stats": {
    "suites": 1,
    "tests": 1,
    "passes": 0,
    "pending": 0,
    "failures": 1,
    "start": "2024-11-14T09:39:12.360Z",
    "end": "2024-11-14T09:39:13.647Z",
    "duration": 1287,
    "testsRegistered": 1,
    "passPercent": 0,
    "pendingPercent": 0,
    "other": 0,
    "hasOther": false,
    "skipped": 0,
    "hasSkipped": false
  },
  "results": [
    {
      "uuid": "526fa060-c6e1-4274-9ccc-6fdbe2560024",
      "title": "",
      "fullFile": "cypress\\e2e\\apitesting\\post.cy.js",
      "file": "cypress\\e2e\\apitesting\\post.cy.js",
      "beforeHooks": [],
      "afterHooks": [],
      "tests": [],
      "suites": [
        {
          "uuid": "88a3e693-6b40-4462-9370-74f82753f430",
          "title": "HTTP request",
          "fullFile": "",
          "file": "",
          "beforeHooks": [],
          "afterHooks": [],
          "tests": [
            {
              "title": "Create User",
              "fullTitle": "HTTP request Create User",
              "timedOut": null,
              "duration": 1059,
              "state": "failed",
              "speed": null,
              "pass": false,
              "fail": true,
              "pending": false,
              "context": null,
              "code": "cy.request({\n  method: \"POST\",\n  url: \"https://gorest.co.in/public/v2/users\",\n  headers: {\n    authorization: accesstoken\n  },\n  body: {\n    \"name\": \"sa\",\n    \"email\": \"sa@gmail.com\",\n    \"gender\": \"male\",\n    \"status\": \"active\"\n  }\n}).then(res => {\n  cy.log(JSON.stringify(res));\n  expect(res.status).to.eq(201);\n  expect(res.body).has.property(\"email\", \"sa@gmail.com\");\n  expect(res.body).has.property(\"status\", \"active\");\n});",
              "err": {
                "message": "CypressError: `cy.request()` failed on:\n\nhttps://gorest.co.in/public/v2/users\n\nThe response we received from your web server was:\n\n  > 422: Unprocessable Entity\n\nThis was considered a failure because the status code was not `2xx` or `3xx`.\n\nIf you do not want status codes to cause failures pass the option: `failOnStatusCode: false`\n\n-----------------------------------------------------------\n\nThe request we sent was:\n\nMethod: POST\nURL: https://gorest.co.in/public/v2/users\nHeaders: {\n  \"Connection\": \"keep-alive\",\n  \"authorization\": \"Bearer ba7385e24c810d3fbc4c9d52d0ad24df01eb7e2fe34768d9b4e9cdca5466644a\",\n  \"user-agent\": \"Mozilla/5.0 (Windows NT 10.0; Win64; x64) AppleWebKit/537.36 (KHTML, like Gecko) Cypress/13.15.1 Chrome/118.0.5993.159 Electron/27.3.10 Safari/537.36\",\n  \"accept\": \"*/*\",\n  \"accept-encoding\": \"gzip, deflate\",\n  \"content-type\": \"application/json\",\n  \"content-length\": 70\n}\nBody: {\"name\":\"sa\",\"email\":\"sa@gmail.com\",\"gender\":\"male\",\"status\":\"active\"}\n\n-----------------------------------------------------------\n\nThe response we got was:\n\nStatus: 422 - Unprocessable Entity\nHeaders: {\n  \"date\": \"Thu, 14 Nov 2024 09:39:13 GMT\",\n  \"content-type\": \"application/json; charset=utf-8\",\n  \"content-length\": \"54\",\n  \"connection\": \"keep-alive\",\n  \"cache-control\": \"no-cache\",\n  \"referrer-policy\": \"strict-origin-when-cross-origin\",\n  \"vary\": \"Origin\",\n  \"x-content-type-options\": \"nosniff\",\n  \"x-download-options\": \"noopen\",\n  \"x-frame-options\": \"SAMEORIGIN\",\n  \"x-permitted-cross-domain-policies\": \"none\",\n  \"x-ratelimit-limit\": \"90\",\n  \"x-ratelimit-remaining\": \"89\",\n  \"x-ratelimit-reset\": \"1\",\n  \"x-request-id\": \"8b7b8964-3af2-4769-a0f4-135304a0fc74\",\n  \"x-runtime\": \"0.111213\",\n  \"x-xss-protection\": \"0\",\n  \"cf-cache-status\": \"DYNAMIC\",\n  \"report-to\": \"{\\\"endpoints\\\":[{\\\"url\\\":\\\"https:\\\\/\\\\/a.nel.cloudflare.com\\\\/report\\\\/v4?s=rn8%2BGrzmcoDc1aeXpK6OxaNHpYZMLKiMI96NOVOMV3GbOhkc%2FAp4JV%2F1guVM83V0eo9xZx65ZzdV0UyMGouH0ZZ7kVtEMs8IeZMH2wmI%2Bsr%2FCIs65dDQZrFccscx4Ng%3D\\\"}],\\\"group\\\":\\\"cf-nel\\\",\\\"max_age\\\":604800}\",\n  \"nel\": \"{\\\"success_fraction\\\":0,\\\"report_to\\\":\\\"cf-nel\\\",\\\"max_age\\\":604800}\",\n  \"server\": \"cloudflare\",\n  \"cf-ray\": \"8e2608775a2e6c06-SIN\",\n  \"alt-svc\": \"h3=\\\":443\\\"; ma=86400\",\n  \"server-timing\": \"cfL4;desc=\\\"?proto=TCP&rtt=50894&sent=18&recv=16&lost=0&retrans=0&sent_bytes=9192&recv_bytes=2965&delivery_rate=131441&cwnd=245&unsent_bytes=0&cid=e5a87451ce90833e&ts=22446&x=0\\\"\"\n}\nBody: [\n  {\n    \"field\": \"email\",\n    \"message\": \"has already been taken\"\n  }\n]\n\n\nhttps://on.cypress.io/request",
                "estack": "CypressError: `cy.request()` failed on:\n\nhttps://gorest.co.in/public/v2/users\n\nThe response we received from your web server was:\n\n  > 422: Unprocessable Entity\n\nThis was considered a failure because the status code was not `2xx` or `3xx`.\n\nIf you do not want status codes to cause failures pass the option: `failOnStatusCode: false`\n\n-----------------------------------------------------------\n\nThe request we sent was:\n\nMethod: POST\nURL: https://gorest.co.in/public/v2/users\nHeaders: {\n  \"Connection\": \"keep-alive\",\n  \"authorization\": \"Bearer ba7385e24c810d3fbc4c9d52d0ad24df01eb7e2fe34768d9b4e9cdca5466644a\",\n  \"user-agent\": \"Mozilla/5.0 (Windows NT 10.0; Win64; x64) AppleWebKit/537.36 (KHTML, like Gecko) Cypress/13.15.1 Chrome/118.0.5993.159 Electron/27.3.10 Safari/537.36\",\n  \"accept\": \"*/*\",\n  \"accept-encoding\": \"gzip, deflate\",\n  \"content-type\": \"application/json\",\n  \"content-length\": 70\n}\nBody: {\"name\":\"sa\",\"email\":\"sa@gmail.com\",\"gender\":\"male\",\"status\":\"active\"}\n\n-----------------------------------------------------------\n\nThe response we got was:\n\nStatus: 422 - Unprocessable Entity\nHeaders: {\n  \"date\": \"Thu, 14 Nov 2024 09:39:13 GMT\",\n  \"content-type\": \"application/json; charset=utf-8\",\n  \"content-length\": \"54\",\n  \"connection\": \"keep-alive\",\n  \"cache-control\": \"no-cache\",\n  \"referrer-policy\": \"strict-origin-when-cross-origin\",\n  \"vary\": \"Origin\",\n  \"x-content-type-options\": \"nosniff\",\n  \"x-download-options\": \"noopen\",\n  \"x-frame-options\": \"SAMEORIGIN\",\n  \"x-permitted-cross-domain-policies\": \"none\",\n  \"x-ratelimit-limit\": \"90\",\n  \"x-ratelimit-remaining\": \"89\",\n  \"x-ratelimit-reset\": \"1\",\n  \"x-request-id\": \"8b7b8964-3af2-4769-a0f4-135304a0fc74\",\n  \"x-runtime\": \"0.111213\",\n  \"x-xss-protection\": \"0\",\n  \"cf-cache-status\": \"DYNAMIC\",\n  \"report-to\": \"{\\\"endpoints\\\":[{\\\"url\\\":\\\"https:\\\\/\\\\/a.nel.cloudflare.com\\\\/report\\\\/v4?s=rn8%2BGrzmcoDc1aeXpK6OxaNHpYZMLKiMI96NOVOMV3GbOhkc%2FAp4JV%2F1guVM83V0eo9xZx65ZzdV0UyMGouH0ZZ7kVtEMs8IeZMH2wmI%2Bsr%2FCIs65dDQZrFccscx4Ng%3D\\\"}],\\\"group\\\":\\\"cf-nel\\\",\\\"max_age\\\":604800}\",\n  \"nel\": \"{\\\"success_fraction\\\":0,\\\"report_to\\\":\\\"cf-nel\\\",\\\"max_age\\\":604800}\",\n  \"server\": \"cloudflare\",\n  \"cf-ray\": \"8e2608775a2e6c06-SIN\",\n  \"alt-svc\": \"h3=\\\":443\\\"; ma=86400\",\n  \"server-timing\": \"cfL4;desc=\\\"?proto=TCP&rtt=50894&sent=18&recv=16&lost=0&retrans=0&sent_bytes=9192&recv_bytes=2965&delivery_rate=131441&cwnd=245&unsent_bytes=0&cid=e5a87451ce90833e&ts=22446&x=0\\\"\"\n}\nBody: [\n  {\n    \"field\": \"email\",\n    \"message\": \"has already been taken\"\n  }\n]\n\n\nhttps://on.cypress.io/request\n    at <unknown> (http://localhost:54360/__cypress/runner/cypress_runner.js:132719:72)\n    at tryCatcher (http://localhost:54360/__cypress/runner/cypress_runner.js:1807:23)\n    at Promise._settlePromiseFromHandler (http://localhost:54360/__cypress/runner/cypress_runner.js:1519:31)\n    at Promise._settlePromise (http://localhost:54360/__cypress/runner/cypress_runner.js:1576:18)\n    at Promise._settlePromise0 (http://localhost:54360/__cypress/runner/cypress_runner.js:1621:10)\n    at Promise._settlePromises (http://localhost:54360/__cypress/runner/cypress_runner.js:1701:18)\n    at _drainQueueStep (http://localhost:54360/__cypress/runner/cypress_runner.js:2407:12)\n    at _drainQueue (http://localhost:54360/__cypress/runner/cypress_runner.js:2400:9)\n    at Async._drainQueues (http://localhost:54360/__cypress/runner/cypress_runner.js:2416:5)\n    at Async.drainQueues (http://localhost:54360/__cypress/runner/cypress_runner.js:2286:14)\nFrom Your Spec Code:\n    at Context.eval (webpack://new-cypress/./cypress/e2e/apitesting/post.cy.js:5:9)",
                "diff": null
              },
              "uuid": "bb422084-8aa6-4815-8c9b-72f2a4af8e69",
              "parentUUID": "88a3e693-6b40-4462-9370-74f82753f430",
              "isHook": false,
              "skipped": false
            }
          ],
          "suites": [],
          "passes": [],
          "failures": [
            "bb422084-8aa6-4815-8c9b-72f2a4af8e69"
          ],
          "pending": [],
          "skipped": [],
          "duration": 1059,
          "root": false,
          "rootEmpty": false,
          "_timeout": 2000
        }
      ],
      "passes": [],
      "failures": [],
      "pending": [],
      "skipped": [],
      "duration": 0,
      "root": true,
      "rootEmpty": true,
      "_timeout": 2000
    }
  ],
  "meta": {
    "mocha": {
      "version": "7.0.1"
    },
    "mochawesome": {
      "options": {
        "quiet": false,
        "reportFilename": "mochawesome",
        "saveHtml": false,
        "saveJson": true,
        "consoleReporter": "spec",
        "useInlineDiffs": false,
        "code": true
      },
      "version": "7.1.3"
    },
    "marge": {
      "options": {
        "overwrite": false,
        "html": false,
        "json": true,
        "reportDir": "cypress\\reports\\html\\.jsons"
      },
      "version": "6.2.0"
    }
  }
}