{
  "stats": {
    "suites": 1,
    "tests": 1,
    "passes": 0,
    "pending": 0,
    "failures": 1,
    "start": "2024-11-14T09:35:27.685Z",
    "end": "2024-11-14T09:35:46.539Z",
    "duration": 18854,
    "testsRegistered": 1,
    "passPercent": 0,
    "pendingPercent": 0,
    "other": 0,
    "hasOther": false,
    "skipped": 0,
    "hasSkipped": false
  },
  "results": [
    {
      "uuid": "9d82d849-69b3-4588-95a2-18491d1d13ed",
      "title": "",
      "fullFile": "cypress\\e2e\\json.cy.js",
      "file": "cypress\\e2e\\json.cy.js",
      "beforeHooks": [],
      "afterHooks": [],
      "tests": [],
      "suites": [
        {
          "uuid": "d5e87605-c96f-4778-b272-c5004f4944bf",
          "title": "json",
          "fullFile": "",
          "file": "",
          "beforeHooks": [],
          "afterHooks": [],
          "tests": [
            {
              "title": "testing",
              "fullTitle": "json testing",
              "timedOut": null,
              "duration": 9410,
              "state": "failed",
              "speed": null,
              "pass": false,
              "fail": true,
              "pending": false,
              "context": null,
              "code": "cy.visit(\"https://opensource-demo.orangehrmlive.com/web/index.php/auth/login\");\ncy.fixture('orangehrm').then(data => {\n  cy.get(\"input[placeholder='Username']\").type(data.username);\n  cy.get(\"input[placeholder='Password']\").type(data.password);\n  cy.get(\"button[type='submit']\").click();\n  cy.get('a[class=\"oxd-main-menu-item active\"] span[class=\"oxd-text oxd-text--span oxd-main-menu-item--name\"]').should(\"have.text\", data.Expected);\n});",
              "err": {
                "message": "AssertionError: Timed out retrying after 4000ms: Expected to find element: `input[placeholder='Username']`, but never found it.",
                "estack": "AssertionError: Timed out retrying after 4000ms: Expected to find element: `input[placeholder='Username']`, but never found it.\n    at Context.eval (webpack://new-cypress/./cypress/e2e/json.cy.js:5:15)",
                "diff": null
              },
              "uuid": "445b83f7-0754-45ed-af1e-19ef2a03d4e2",
              "parentUUID": "d5e87605-c96f-4778-b272-c5004f4944bf",
              "isHook": false,
              "skipped": false
            }
          ],
          "suites": [],
          "passes": [],
          "failures": [
            "445b83f7-0754-45ed-af1e-19ef2a03d4e2"
          ],
          "pending": [],
          "skipped": [],
          "duration": 9410,
          "root": false,
          "rootEmpty": false,
          "_timeout": 2000
        }
      ],
      "passes": [],
      "failures": [],
      "pending": [],
      "skipped": [],
      "duration": 0,
      "root": true,
      "rootEmpty": true,
      "_timeout": 2000
    }
  ],
  "meta": {
    "mocha": {
      "version": "7.0.1"
    },
    "mochawesome": {
      "options": {
        "quiet": false,
        "reportFilename": "mochawesome",
        "saveHtml": false,
        "saveJson": true,
        "consoleReporter": "spec",
        "useInlineDiffs": false,
        "code": true
      },
      "version": "7.1.3"
    },
    "marge": {
      "options": {
        "overwrite": false,
        "html": false,
        "json": true,
        "reportDir": "cypress\\reports\\html\\.jsons"
      },
      "version": "6.2.0"
    }
  }
}