{
  "stats": {
    "suites": 1,
    "tests": 1,
    "passes": 1,
    "pending": 0,
    "failures": 0,
    "start": "2024-11-14T09:39:05.931Z",
    "end": "2024-11-14T09:39:07.079Z",
    "duration": 1148,
    "testsRegistered": 1,
    "passPercent": 100,
    "pendingPercent": 0,
    "other": 0,
    "hasOther": false,
    "skipped": 0,
    "hasSkipped": false
  },
  "results": [
    {
      "uuid": "4fde0e08-983d-4ea9-b83d-0e0231e1b817",
      "title": "",
      "fullFile": "cypress\\e2e\\apitesting\\gmail.cy.js",
      "file": "cypress\\e2e\\apitesting\\gmail.cy.js",
      "beforeHooks": [],
      "afterHooks": [],
      "tests": [],
      "suites": [
        {
          "uuid": "e09f5279-73a1-4073-aef7-bbb1b559f47d",
          "title": "HTTP Request",
          "fullFile": "",
          "file": "",
          "beforeHooks": [],
          "afterHooks": [],
          "tests": [
            {
              "title": "POST Call ",
              "fullTitle": "HTTP Request POST Call ",
              "timedOut": null,
              "duration": 986,
              "state": "passed",
              "speed": "fast",
              "pass": true,
              "fail": false,
              "pending": false,
              "context": null,
              "code": "var pattern = \"ABCDEFGHIJKLMNOPQRSTUVXYZabcdefghijklmnopqrstuvxyz\";\nfor (var i = 0; i < 10; i++) randomText += pattern.charAt(Math.floor(Math.random() * pattern.length));\ntestEmail = randomText + '@gmail.com';\ncy.request({\n  method: 'POST',\n  url: 'https://gorest.co.in/public/v2/users',\n  headers: {\n    'authorization': \"Bearer a632dce633ea6929448d47c090c8c653c1068af5875821f19227452258661874\"\n  },\n  body: {\n    \"name\": \"edu camp\",\n    \"email\": testEmail,\n    \"gender\": \"male\",\n    \"status\": \"active\"\n  }\n}).then(res => {\n  cy.log(JSON.stringify(res));\n  expect(res.status).to.eq(201);\n  expect(res.body).has.property('email', testEmail);\n  expect(res.body).has.property('status', 'active');\n});",
              "err": {},
              "uuid": "05c35921-a9fa-4588-b8fd-7d29127e9576",
              "parentUUID": "e09f5279-73a1-4073-aef7-bbb1b559f47d",
              "isHook": false,
              "skipped": false
            }
          ],
          "suites": [],
          "passes": [
            "05c35921-a9fa-4588-b8fd-7d29127e9576"
          ],
          "failures": [],
          "pending": [],
          "skipped": [],
          "duration": 986,
          "root": false,
          "rootEmpty": false,
          "_timeout": 2000
        }
      ],
      "passes": [],
      "failures": [],
      "pending": [],
      "skipped": [],
      "duration": 0,
      "root": true,
      "rootEmpty": true,
      "_timeout": 2000
    }
  ],
  "meta": {
    "mocha": {
      "version": "7.0.1"
    },
    "mochawesome": {
      "options": {
        "quiet": false,
        "reportFilename": "mochawesome",
        "saveHtml": false,
        "saveJson": true,
        "consoleReporter": "spec",
        "useInlineDiffs": false,
        "code": true
      },
      "version": "7.1.3"
    },
    "marge": {
      "options": {
        "overwrite": false,
        "html": false,
        "json": true,
        "reportDir": "cypress\\reports\\html\\.jsons"
      },
      "version": "6.2.0"
    }
  }
}