{
  "stats": {
    "suites": 1,
    "tests": 1,
    "passes": 1,
    "pending": 0,
    "failures": 0,
    "start": "2024-11-14T09:31:51.376Z",
    "end": "2024-11-14T09:31:53.453Z",
    "duration": 2077,
    "testsRegistered": 1,
    "passPercent": 100,
    "pendingPercent": 0,
    "other": 0,
    "hasOther": false,
    "skipped": 0,
    "hasSkipped": false
  },
  "results": [
    {
      "uuid": "aea3ad47-1290-493c-a15a-9db5bd382e50",
      "title": "",
      "fullFile": "cypress\\e2e\\apipost.cy.js",
      "file": "cypress\\e2e\\apipost.cy.js",
      "beforeHooks": [],
      "afterHooks": [],
      "tests": [],
      "suites": [
        {
          "uuid": "ab582fa0-02ac-481c-806d-48159983a8ac",
          "title": "http",
          "fullFile": "",
          "file": "",
          "beforeHooks": [],
          "afterHooks": [],
          "tests": [
            {
              "title": "post",
              "fullTitle": "http post",
              "timedOut": null,
              "duration": 1947,
              "state": "passed",
              "speed": "fast",
              "pass": true,
              "fail": false,
              "pending": false,
              "context": null,
              "code": "cy.request({\n  method: \"POST\",\n  url: \"https://jsonplaceholder.typicode.com/posts\",\n  body: {\n    title: \"post call\",\n    body: \"call\",\n    userID: 1\n  }\n}).its(\"status\").should(\"equal\", 201);",
              "err": {},
              "uuid": "f9a77c05-de0b-4301-8d37-2a073c106ca3",
              "parentUUID": "ab582fa0-02ac-481c-806d-48159983a8ac",
              "isHook": false,
              "skipped": false
            }
          ],
          "suites": [],
          "passes": [
            "f9a77c05-de0b-4301-8d37-2a073c106ca3"
          ],
          "failures": [],
          "pending": [],
          "skipped": [],
          "duration": 1947,
          "root": false,
          "rootEmpty": false,
          "_timeout": 2000
        }
      ],
      "passes": [],
      "failures": [],
      "pending": [],
      "skipped": [],
      "duration": 0,
      "root": true,
      "rootEmpty": true,
      "_timeout": 2000
    }
  ],
  "meta": {
    "mocha": {
      "version": "7.0.1"
    },
    "mochawesome": {
      "options": {
        "quiet": false,
        "reportFilename": "mochawesome",
        "saveHtml": false,
        "saveJson": true,
        "consoleReporter": "spec",
        "useInlineDiffs": false,
        "code": true
      },
      "version": "7.1.3"
    },
    "marge": {
      "options": {
        "overwrite": false,
        "html": false,
        "json": true,
        "reportDir": "cypress\\reports\\html\\.jsons"
      },
      "version": "6.2.0"
    }
  }
}