{
  "stats": {
    "suites": 1,
    "tests": 1,
    "passes": 1,
    "pending": 0,
    "failures": 0,
    "start": "2024-11-14T09:37:51.057Z",
    "end": "2024-11-14T09:38:13.220Z",
    "duration": 22163,
    "testsRegistered": 1,
    "passPercent": 100,
    "pendingPercent": 0,
    "other": 0,
    "hasOther": false,
    "skipped": 0,
    "hasSkipped": false
  },
  "results": [
    {
      "uuid": "1aea6184-e3a2-444b-9f8d-936b558bbb7c",
      "title": "",
      "fullFile": "cypress\\e2e\\scrollv.cy.js",
      "file": "cypress\\e2e\\scrollv.cy.js",
      "beforeHooks": [],
      "afterHooks": [],
      "tests": [],
      "suites": [
        {
          "uuid": "6f238151-936f-4f18-b39d-c88baf516af2",
          "title": "scroll",
          "fullFile": "",
          "file": "",
          "beforeHooks": [],
          "afterHooks": [],
          "tests": [
            {
              "title": "scrolldown",
              "fullTitle": "scroll scrolldown",
              "timedOut": null,
              "duration": 10530,
              "state": "passed",
              "speed": "slow",
              "pass": true,
              "fail": false,
              "pending": false,
              "context": null,
              "code": "cy.visit(\"http://www.countries-ofthe-world.com/flags-of-the-world.html\");\ncy.get(\"body > div:nth-child(1) > div:nth-child(2) > div:nth-child(2) > div:nth-child(2) > div:nth-child(2) > div:nth-child(2) > table:nth-child(1) > tbody:nth-child(2) > tr:nth-child(86) > td:nth-child(2)\").scrollIntoView();",
              "err": {},
              "uuid": "cde83587-ed7c-4c62-9ff4-a6f5cbde3a6c",
              "parentUUID": "6f238151-936f-4f18-b39d-c88baf516af2",
              "isHook": false,
              "skipped": false
            }
          ],
          "suites": [],
          "passes": [
            "cde83587-ed7c-4c62-9ff4-a6f5cbde3a6c"
          ],
          "failures": [],
          "pending": [],
          "skipped": [],
          "duration": 10530,
          "root": false,
          "rootEmpty": false,
          "_timeout": 2000
        }
      ],
      "passes": [],
      "failures": [],
      "pending": [],
      "skipped": [],
      "duration": 0,
      "root": true,
      "rootEmpty": true,
      "_timeout": 2000
    }
  ],
  "meta": {
    "mocha": {
      "version": "7.0.1"
    },
    "mochawesome": {
      "options": {
        "quiet": false,
        "reportFilename": "mochawesome",
        "saveHtml": false,
        "saveJson": true,
        "consoleReporter": "spec",
        "useInlineDiffs": false,
        "code": true
      },
      "version": "7.1.3"
    },
    "marge": {
      "options": {
        "overwrite": false,
        "html": false,
        "json": true,
        "reportDir": "cypress\\reports\\html\\.jsons"
      },
      "version": "6.2.0"
    }
  }
}