{
  "stats": {
    "suites": 1,
    "tests": 1,
    "passes": 0,
    "pending": 0,
    "failures": 1,
    "start": "2024-11-14T09:38:46.513Z",
    "end": "2024-11-14T09:38:51.977Z",
    "duration": 5464,
    "testsRegistered": 1,
    "passPercent": 0,
    "pendingPercent": 0,
    "other": 0,
    "hasOther": false,
    "skipped": 0,
    "hasSkipped": false
  },
  "results": [
    {
      "uuid": "df0d86b6-7656-450b-94a8-5ad6eec372a7",
      "title": "",
      "fullFile": "cypress\\e2e\\apitesting\\delete.cy.js",
      "file": "cypress\\e2e\\apitesting\\delete.cy.js",
      "beforeHooks": [],
      "afterHooks": [],
      "tests": [],
      "suites": [
        {
          "uuid": "57c906a3-5c47-44b8-be75-1a8bb2a60dce",
          "title": "HTTP request",
          "fullFile": "",
          "file": "",
          "beforeHooks": [],
          "afterHooks": [],
          "tests": [
            {
              "title": "put call",
              "fullTitle": "HTTP request put call",
              "timedOut": null,
              "duration": 5023,
              "state": "failed",
              "speed": null,
              "pass": false,
              "fail": true,
              "pending": false,
              "context": null,
              "code": "var pattern = \"ABCDEFGHIJKLMNOPQRSTUVWXYZabcdefghijklmnopqrstuvwxyz\";\nfor (let i = 0; i < 10; i++) {\n  randomText += pattern.charAt(Math.floor(Math.random() * pattern.length));\n}\ntestEmail = randomText + \"@gmail.com\";\ncy.request({\n  method: \"PUT\",\n  url: \"https://gorest.co.in/public/v2/users/7522235\",\n  headers: {\n    authorization: \"Bearer ba7385e24c810d3fbc4c9d52d0ad24df01eb7e2fe34768d9b4e9cdca5466644a\"\n  },\n  body: {\n    name: user.name,\n    email: testEmail,\n    gender: user.gender,\n    status: user.status\n  }\n}).then(res => {\n  const userID = res.body.id;\n  cy.request({\n    method: \"DELETE\",\n    url: \"https://gorest.co.in/public/v2/users/\" + userID,\n    headers: {\n      authorization: \"Bearer ba7385e24c810d3fbc4c9d52d0ad24df01eb7e2fe34768d9b4e9cdca5466644a\"\n    }\n  }).then(res => {\n    expect(res.status).to.eq(204);\n  });\n});",
              "err": {
                "message": "CypressError: `cy.request()` failed on:\n\nhttps://gorest.co.in/public/v2/users/7522235\n\nThe response we received from your web server was:\n\n  > 404: Not Found\n\nThis was considered a failure because the status code was not `2xx` or `3xx`.\n\nIf you do not want status codes to cause failures pass the option: `failOnStatusCode: false`\n\n-----------------------------------------------------------\n\nThe request we sent was:\n\nMethod: PUT\nURL: https://gorest.co.in/public/v2/users/7522235\nHeaders: {\n  \"Connection\": \"keep-alive\",\n  \"authorization\": \"Bearer ba7385e24c810d3fbc4c9d52d0ad24df01eb7e2fe34768d9b4e9cdca5466644a\",\n  \"user-agent\": \"Mozilla/5.0 (Windows NT 10.0; Win64; x64) AppleWebKit/537.36 (KHTML, like Gecko) Cypress/13.15.1 Chrome/118.0.5993.159 Electron/27.3.10 Safari/537.36\",\n  \"accept\": \"*/*\",\n  \"accept-encoding\": \"gzip, deflate\",\n  \"content-type\": \"application/json\",\n  \"content-length\": 83\n}\nBody: {\"name\":\"wb apps\",\"email\":\"FzecDYCnJg@gmail.com\",\"gender\":\"male\",\"status\":\"active\"}\n\n-----------------------------------------------------------\n\nThe response we got was:\n\nStatus: 404 - Not Found\nHeaders: {\n  \"date\": \"Thu, 14 Nov 2024 09:38:51 GMT\",\n  \"content-type\": \"application/json; charset=utf-8\",\n  \"content-length\": \"32\",\n  \"connection\": \"keep-alive\",\n  \"cache-control\": \"no-cache\",\n  \"referrer-policy\": \"strict-origin-when-cross-origin\",\n  \"vary\": \"Origin\",\n  \"x-content-type-options\": \"nosniff\",\n  \"x-download-options\": \"noopen\",\n  \"x-frame-options\": \"SAMEORIGIN\",\n  \"x-permitted-cross-domain-policies\": \"none\",\n  \"x-ratelimit-limit\": \"90\",\n  \"x-ratelimit-remaining\": \"89\",\n  \"x-ratelimit-reset\": \"1\",\n  \"x-request-id\": \"419780b1-f2fa-44a9-a6ac-a2de83e4d274\",\n  \"x-runtime\": \"0.116323\",\n  \"x-xss-protection\": \"0\",\n  \"cf-cache-status\": \"DYNAMIC\",\n  \"report-to\": \"{\\\"endpoints\\\":[{\\\"url\\\":\\\"https:\\\\/\\\\/a.nel.cloudflare.com\\\\/report\\\\/v4?s=yrtGgPFKeL9qJ%2FN0dDgoMETc21TJ2zrtNkXUN%2Bj0SYRzyLW6ZOMQH9lOXfWMnb5X9ISi3HiTEcVdI3Qe9adQ7EqNt3cUl%2FNw%2F7UJAZRIiedkP%2BdalDQyQ%2BjfRy4TLWA%3D\\\"}],\\\"group\\\":\\\"cf-nel\\\",\\\"max_age\\\":604800}\",\n  \"nel\": \"{\\\"success_fraction\\\":0,\\\"report_to\\\":\\\"cf-nel\\\",\\\"max_age\\\":604800}\",\n  \"server\": \"cloudflare\",\n  \"cf-ray\": \"8e2607ed68aa6c06-SIN\",\n  \"alt-svc\": \"h3=\\\":443\\\"; ma=86400\",\n  \"server-timing\": \"cfL4;desc=\\\"?proto=TCP&rtt=33007&sent=6&recv=7&lost=0&retrans=0&sent_bytes=2917&recv_bytes=985&delivery_rate=131441&cwnd=240&unsent_bytes=0&cid=e5a87451ce90833e&ts=479&x=0\\\"\"\n}\nBody: {\n  \"message\": \"Resource not found\"\n}\n\n\nhttps://on.cypress.io/request",
                "estack": "CypressError: `cy.request()` failed on:\n\nhttps://gorest.co.in/public/v2/users/7522235\n\nThe response we received from your web server was:\n\n  > 404: Not Found\n\nThis was considered a failure because the status code was not `2xx` or `3xx`.\n\nIf you do not want status codes to cause failures pass the option: `failOnStatusCode: false`\n\n-----------------------------------------------------------\n\nThe request we sent was:\n\nMethod: PUT\nURL: https://gorest.co.in/public/v2/users/7522235\nHeaders: {\n  \"Connection\": \"keep-alive\",\n  \"authorization\": \"Bearer ba7385e24c810d3fbc4c9d52d0ad24df01eb7e2fe34768d9b4e9cdca5466644a\",\n  \"user-agent\": \"Mozilla/5.0 (Windows NT 10.0; Win64; x64) AppleWebKit/537.36 (KHTML, like Gecko) Cypress/13.15.1 Chrome/118.0.5993.159 Electron/27.3.10 Safari/537.36\",\n  \"accept\": \"*/*\",\n  \"accept-encoding\": \"gzip, deflate\",\n  \"content-type\": \"application/json\",\n  \"content-length\": 83\n}\nBody: {\"name\":\"wb apps\",\"email\":\"FzecDYCnJg@gmail.com\",\"gender\":\"male\",\"status\":\"active\"}\n\n-----------------------------------------------------------\n\nThe response we got was:\n\nStatus: 404 - Not Found\nHeaders: {\n  \"date\": \"Thu, 14 Nov 2024 09:38:51 GMT\",\n  \"content-type\": \"application/json; charset=utf-8\",\n  \"content-length\": \"32\",\n  \"connection\": \"keep-alive\",\n  \"cache-control\": \"no-cache\",\n  \"referrer-policy\": \"strict-origin-when-cross-origin\",\n  \"vary\": \"Origin\",\n  \"x-content-type-options\": \"nosniff\",\n  \"x-download-options\": \"noopen\",\n  \"x-frame-options\": \"SAMEORIGIN\",\n  \"x-permitted-cross-domain-policies\": \"none\",\n  \"x-ratelimit-limit\": \"90\",\n  \"x-ratelimit-remaining\": \"89\",\n  \"x-ratelimit-reset\": \"1\",\n  \"x-request-id\": \"419780b1-f2fa-44a9-a6ac-a2de83e4d274\",\n  \"x-runtime\": \"0.116323\",\n  \"x-xss-protection\": \"0\",\n  \"cf-cache-status\": \"DYNAMIC\",\n  \"report-to\": \"{\\\"endpoints\\\":[{\\\"url\\\":\\\"https:\\\\/\\\\/a.nel.cloudflare.com\\\\/report\\\\/v4?s=yrtGgPFKeL9qJ%2FN0dDgoMETc21TJ2zrtNkXUN%2Bj0SYRzyLW6ZOMQH9lOXfWMnb5X9ISi3HiTEcVdI3Qe9adQ7EqNt3cUl%2FNw%2F7UJAZRIiedkP%2BdalDQyQ%2BjfRy4TLWA%3D\\\"}],\\\"group\\\":\\\"cf-nel\\\",\\\"max_age\\\":604800}\",\n  \"nel\": \"{\\\"success_fraction\\\":0,\\\"report_to\\\":\\\"cf-nel\\\",\\\"max_age\\\":604800}\",\n  \"server\": \"cloudflare\",\n  \"cf-ray\": \"8e2607ed68aa6c06-SIN\",\n  \"alt-svc\": \"h3=\\\":443\\\"; ma=86400\",\n  \"server-timing\": \"cfL4;desc=\\\"?proto=TCP&rtt=33007&sent=6&recv=7&lost=0&retrans=0&sent_bytes=2917&recv_bytes=985&delivery_rate=131441&cwnd=240&unsent_bytes=0&cid=e5a87451ce90833e&ts=479&x=0\\\"\"\n}\nBody: {\n  \"message\": \"Resource not found\"\n}\n\n\nhttps://on.cypress.io/request\n    at <unknown> (http://localhost:54360/__cypress/runner/cypress_runner.js:132719:72)\n    at tryCatcher (http://localhost:54360/__cypress/runner/cypress_runner.js:1807:23)\n    at Promise._settlePromiseFromHandler (http://localhost:54360/__cypress/runner/cypress_runner.js:1519:31)\n    at Promise._settlePromise (http://localhost:54360/__cypress/runner/cypress_runner.js:1576:18)\n    at Promise._settlePromise0 (http://localhost:54360/__cypress/runner/cypress_runner.js:1621:10)\n    at Promise._settlePromises (http://localhost:54360/__cypress/runner/cypress_runner.js:1701:18)\n    at _drainQueueStep (http://localhost:54360/__cypress/runner/cypress_runner.js:2407:12)\n    at _drainQueue (http://localhost:54360/__cypress/runner/cypress_runner.js:2400:9)\n    at Async._drainQueues (http://localhost:54360/__cypress/runner/cypress_runner.js:2416:5)\n    at Async.drainQueues (http://localhost:54360/__cypress/runner/cypress_runner.js:2286:14)\nFrom Your Spec Code:\n    at Context.eval (webpack://new-cypress/./cypress/e2e/apitesting/delete.cy.js:12:7)",
                "diff": null
              },
              "uuid": "2afdeba1-5f1e-4f5e-83f4-20fd2d028a87",
              "parentUUID": "57c906a3-5c47-44b8-be75-1a8bb2a60dce",
              "isHook": false,
              "skipped": false
            }
          ],
          "suites": [],
          "passes": [],
          "failures": [
            "2afdeba1-5f1e-4f5e-83f4-20fd2d028a87"
          ],
          "pending": [],
          "skipped": [],
          "duration": 5023,
          "root": false,
          "rootEmpty": false,
          "_timeout": 2000
        }
      ],
      "passes": [],
      "failures": [],
      "pending": [],
      "skipped": [],
      "duration": 0,
      "root": true,
      "rootEmpty": true,
      "_timeout": 2000
    }
  ],
  "meta": {
    "mocha": {
      "version": "7.0.1"
    },
    "mochawesome": {
      "options": {
        "quiet": false,
        "reportFilename": "mochawesome",
        "saveHtml": false,
        "saveJson": true,
        "consoleReporter": "spec",
        "useInlineDiffs": false,
        "code": true
      },
      "version": "7.1.3"
    },
    "marge": {
      "options": {
        "overwrite": false,
        "html": false,
        "json": true,
        "reportDir": "cypress\\reports\\html\\.jsons"
      },
      "version": "6.2.0"
    }
  }
}