{
  "stats": {
    "suites": 1,
    "tests": 1,
    "passes": 1,
    "pending": 0,
    "failures": 0,
    "start": "2024-11-14T09:39:18.427Z",
    "end": "2024-11-14T09:39:18.978Z",
    "duration": 551,
    "testsRegistered": 1,
    "passPercent": 100,
    "pendingPercent": 0,
    "other": 0,
    "hasOther": false,
    "skipped": 0,
    "hasSkipped": false
  },
  "results": [
    {
      "uuid": "299b7fb9-9451-471c-987d-34d444750e2b",
      "title": "",
      "fullFile": "cypress\\e2e\\apitesting\\postjsonimport.cy.js",
      "file": "cypress\\e2e\\apitesting\\postjsonimport.cy.js",
      "beforeHooks": [],
      "afterHooks": [],
      "tests": [],
      "suites": [
        {
          "uuid": "5a7eb17a-5bc3-44a3-97e3-1ebb4faa70de",
          "title": "HTTP Request",
          "fullFile": "",
          "file": "",
          "beforeHooks": [],
          "afterHooks": [],
          "tests": [
            {
              "title": "POST Call ",
              "fullTitle": "HTTP Request POST Call ",
              "timedOut": null,
              "duration": 420,
              "state": "passed",
              "speed": "fast",
              "pass": true,
              "fail": false,
              "pending": false,
              "context": null,
              "code": "var pattern = \"ABCDEFGHIJKLMNOPQRSTUVXYZabcdefghijklmnopqrstuvxyz\";\nfor (var i = 0; i < 10; i++) randomText += pattern.charAt(Math.floor(Math.random() * pattern.length));\ntestEmail = randomText + '@gmail.com';\ncy.request({\n  method: 'POST',\n  url: 'https://gorest.co.in/public/v2/users',\n  headers: {\n    'authorization': \"Bearer a632dce633ea6929448d47c090c8c653c1068af5875821f19227452258661874\"\n  },\n  body: {\n    \"name\": datajson.name,\n    \"email\": testEmail,\n    \"gender\": datajson.gender,\n    \"status\": datajson.status\n  }\n}).then(res => {\n  cy.log(JSON.stringify(res));\n  expect(res.status).to.eq(201);\n  expect(res.body).has.property('email', testEmail);\n  expect(res.body).has.property('status', datajson.status);\n});",
              "err": {},
              "uuid": "8694f3eb-8a85-4f7f-bc51-7d8decf2ef02",
              "parentUUID": "5a7eb17a-5bc3-44a3-97e3-1ebb4faa70de",
              "isHook": false,
              "skipped": false
            }
          ],
          "suites": [],
          "passes": [
            "8694f3eb-8a85-4f7f-bc51-7d8decf2ef02"
          ],
          "failures": [],
          "pending": [],
          "skipped": [],
          "duration": 420,
          "root": false,
          "rootEmpty": false,
          "_timeout": 2000
        }
      ],
      "passes": [],
      "failures": [],
      "pending": [],
      "skipped": [],
      "duration": 0,
      "root": true,
      "rootEmpty": true,
      "_timeout": 2000
    }
  ],
  "meta": {
    "mocha": {
      "version": "7.0.1"
    },
    "mochawesome": {
      "options": {
        "quiet": false,
        "reportFilename": "mochawesome",
        "saveHtml": false,
        "saveJson": true,
        "consoleReporter": "spec",
        "useInlineDiffs": false,
        "code": true
      },
      "version": "7.1.3"
    },
    "marge": {
      "options": {
        "overwrite": false,
        "html": false,
        "json": true,
        "reportDir": "cypress\\reports\\html\\.jsons"
      },
      "version": "6.2.0"
    }
  }
}