{
  "stats": {
    "suites": 1,
    "tests": 1,
    "passes": 1,
    "pending": 0,
    "failures": 0,
    "start": "2024-11-14T09:36:50.666Z",
    "end": "2024-11-14T09:37:06.473Z",
    "duration": 15807,
    "testsRegistered": 1,
    "passPercent": 100,
    "pendingPercent": 0,
    "other": 0,
    "hasOther": false,
    "skipped": 0,
    "hasSkipped": false
  },
  "results": [
    {
      "uuid": "690f42c2-02b7-4f45-8d0e-9d93aea6414c",
      "title": "",
      "fullFile": "cypress\\e2e\\pomsauce.cy.js",
      "file": "cypress\\e2e\\pomsauce.cy.js",
      "beforeHooks": [],
      "afterHooks": [],
      "tests": [],
      "suites": [
        {
          "uuid": "41b86a65-b39a-42b3-a54c-9eed3c776d7a",
          "title": "template spec",
          "fullFile": "",
          "file": "",
          "beforeHooks": [],
          "afterHooks": [],
          "tests": [
            {
              "title": "pom",
              "fullTitle": "template spec pom",
              "timedOut": null,
              "duration": 5418,
              "state": "passed",
              "speed": "medium",
              "pass": true,
              "fail": false,
              "pending": false,
              "context": null,
              "code": "cy.visit(\"https://www.saucedemo.com/\");\nconst ln = new _sauce.default();\nln.setusername(\"standard_user\");\nln.setpassword(\"secret_sauce\");\nln.clicksubmit();\nln.verifylogin();",
              "err": {},
              "uuid": "b37bafc5-3deb-4433-adb7-fd3b9c6d3501",
              "parentUUID": "41b86a65-b39a-42b3-a54c-9eed3c776d7a",
              "isHook": false,
              "skipped": false
            }
          ],
          "suites": [],
          "passes": [
            "b37bafc5-3deb-4433-adb7-fd3b9c6d3501"
          ],
          "failures": [],
          "pending": [],
          "skipped": [],
          "duration": 5418,
          "root": false,
          "rootEmpty": false,
          "_timeout": 2000
        }
      ],
      "passes": [],
      "failures": [],
      "pending": [],
      "skipped": [],
      "duration": 0,
      "root": true,
      "rootEmpty": true,
      "_timeout": 2000
    }
  ],
  "meta": {
    "mocha": {
      "version": "7.0.1"
    },
    "mochawesome": {
      "options": {
        "quiet": false,
        "reportFilename": "mochawesome",
        "saveHtml": false,
        "saveJson": true,
        "consoleReporter": "spec",
        "useInlineDiffs": false,
        "code": true
      },
      "version": "7.1.3"
    },
    "marge": {
      "options": {
        "overwrite": false,
        "html": false,
        "json": true,
        "reportDir": "cypress\\reports\\html\\.jsons"
      },
      "version": "6.2.0"
    }
  }
}