{
  "stats": {
    "suites": 1,
    "tests": 1,
    "passes": 1,
    "pending": 0,
    "failures": 0,
    "start": "2024-11-14T09:33:47.876Z",
    "end": "2024-11-14T09:34:03.595Z",
    "duration": 15719,
    "testsRegistered": 1,
    "passPercent": 100,
    "pendingPercent": 0,
    "other": 0,
    "hasOther": false,
    "skipped": 0,
    "hasSkipped": false
  },
  "results": [
    {
      "uuid": "bd561693-5a27-4e92-a76d-db279435a3ef",
      "title": "",
      "fullFile": "cypress\\e2e\\dropdown.cy.js",
      "file": "cypress\\e2e\\dropdown.cy.js",
      "beforeHooks": [],
      "afterHooks": [],
      "tests": [],
      "suites": [
        {
          "uuid": "a608cb4f-ae11-4462-bc6a-3dbf43d2ea97",
          "title": "dropdown",
          "fullFile": "",
          "file": "",
          "beforeHooks": [],
          "afterHooks": [],
          "tests": [
            {
              "title": "select monaco",
              "fullTitle": "dropdown select monaco",
              "timedOut": null,
              "duration": 6682,
              "state": "passed",
              "speed": "medium",
              "pass": true,
              "fail": false,
              "pending": false,
              "context": null,
              "code": "cy.visit(\"https://register.rediff.com/register/register.php\");\ncy.get('select[id=\"country\"]').select('140').should('have.value', '140');",
              "err": {},
              "uuid": "d7755131-1128-4153-9f70-d54a951eee41",
              "parentUUID": "a608cb4f-ae11-4462-bc6a-3dbf43d2ea97",
              "isHook": false,
              "skipped": false
            }
          ],
          "suites": [],
          "passes": [
            "d7755131-1128-4153-9f70-d54a951eee41"
          ],
          "failures": [],
          "pending": [],
          "skipped": [],
          "duration": 6682,
          "root": false,
          "rootEmpty": false,
          "_timeout": 2000
        }
      ],
      "passes": [],
      "failures": [],
      "pending": [],
      "skipped": [],
      "duration": 0,
      "root": true,
      "rootEmpty": true,
      "_timeout": 2000
    }
  ],
  "meta": {
    "mocha": {
      "version": "7.0.1"
    },
    "mochawesome": {
      "options": {
        "quiet": false,
        "reportFilename": "mochawesome",
        "saveHtml": false,
        "saveJson": true,
        "consoleReporter": "spec",
        "useInlineDiffs": false,
        "code": true
      },
      "version": "7.1.3"
    },
    "marge": {
      "options": {
        "overwrite": false,
        "html": false,
        "json": true,
        "reportDir": "cypress\\reports\\html\\.jsons"
      },
      "version": "6.2.0"
    }
  }
}